<?xml version="1.0" encoding="UTF-8"?>
<!-- Generated by org.testng.reporters.JUnitReportReporter -->
<testsuite name="Scenarios.Screenshots" tests="1" failures="0" timestamp="30 Mar 2016 10:02:28 GMT" time="0.032" errors="0">
  <testcase name="takeScreenshot" time="0.032" classname="Scenarios.Screenshots"/>
</testsuite> <!-- Scenarios.Screenshots -->
