<?xml version="1.0" encoding="UTF-8"?>
<!-- Generated by org.testng.reporters.JUnitReportReporter -->
<testsuite name="GenericMethods.LogIn" tests="1" failures="0" timestamp="11 Feb 2016 10:11:34 GMT" time="159.794" errors="0">
  <testcase name="LogIn_Generic" time="159.794" classname="GenericMethods.LogIn"/>
</testsuite> <!-- GenericMethods.LogIn -->
