<?xml version="1.0" encoding="UTF-8"?>
<!-- Generated by org.testng.reporters.JUnitReportReporter -->
<testsuite name="GenericMethods.Dummy" tests="1" failures="0" timestamp="1 Feb 2016 17:55:53 GMT" time="0.016" errors="0">
  <testcase name="test" time="0.016" classname="GenericMethods.Dummy"/>
</testsuite> <!-- GenericMethods.Dummy -->
