<?xml version="1.0" encoding="UTF-8"?>
<!-- Generated by org.testng.reporters.JUnitReportReporter -->
<testsuite hostname="Surbhis-MacBook-Pro.local" name="GenericMethods.Registration" tests="1" failures="0" timestamp="2 Feb 2016 03:55:47 GMT" time="0.036" errors="0">
  <testcase name="test" time="0.036" classname="GenericMethods.Registration"/>
</testsuite> <!-- GenericMethods.Registration -->
