<?xml version="1.0" encoding="UTF-8"?>
<!-- Generated by org.testng.reporters.JUnitReportReporter -->
<testsuite name="Scenarios.Scenarios" tests="1" failures="0" timestamp="23 Feb 2016 06:20:06 GMT" time="121.562" errors="0">
  <testcase name="SignIn" time="121.562" classname="Scenarios.Scenarios"/>
</testsuite> <!-- Scenarios.Scenarios -->
