<?xml version="1.0" encoding="UTF-8"?>
<!-- Generated by org.testng.reporters.JUnitReportReporter -->
<testsuite name="Scenarios.Scenarios" tests="2" failures="0" timestamp="23 Feb 2016 10:39:08 GMT" time="45.540" errors="0">
  <testcase name="SignIn" time="42.470" classname="Scenarios.Scenarios"/>
  <testcase name="SpotCleaning" time="3.070" classname="Scenarios.Scenarios"/>
</testsuite> <!-- Scenarios.Scenarios -->
