<?xml version="1.0" encoding="UTF-8"?>
<!-- Generated by org.testng.reporters.JUnitReportReporter -->
<testsuite name="Scenarios.Scenarios" tests="2" failures="0" timestamp="23 Feb 2016 10:22:34 GMT" time="107.990" errors="0">
  <testcase name="MyProfile" time="4.279" classname="Scenarios.Scenarios"/>
  <testcase name="SignIn" time="103.711" classname="Scenarios.Scenarios"/>
</testsuite> <!-- Scenarios.Scenarios -->
