<?xml version="1.0" encoding="UTF-8"?>
<!-- Generated by org.testng.reporters.JUnitReportReporter -->
<testsuite name="GenericMethods.LogIn" tests="1" failures="0" timestamp="11 Feb 2016 11:51:29 GMT" time="158.114" errors="0">
  <testcase name="LogIn_Generic" time="158.114" classname="GenericMethods.LogIn"/>
</testsuite> <!-- GenericMethods.LogIn -->
